app/build/intermediates/manifest_merge_blame_file/debug/processDebugMainManifest/manifest-merger-blame-debug-report.txt
1<?xml version="1.0" encoding="utf-8"?>
2<manifest xmlns:android="http://schemas.android.com/apk/res/android"
3    package="com.musediagnostics.taal"
4    android:versionCode="1"
5    android:versionName="1.0" >
6
7    <uses-sdk
8        android:minSdkVersion="24"
9        android:targetSdkVersion="34" />
10
11    <uses-permission android:name="android.permission.RECORD_AUDIO" />
11-->src\main\AndroidManifest.xml:4:5-71
11-->src\main\AndroidManifest.xml:4:22-68
12    <uses-permission android:name="android.permission.USB_PERMISSION" />
12-->src\main\AndroidManifest.xml:5:5-73
12-->src\main\AndroidManifest.xml:5:22-70
13
14    <uses-feature
14-->src\main\AndroidManifest.xml:7:5-9:36
15        android:name="android.hardware.usb.host"
15-->src\main\AndroidManifest.xml:8:9-49
16        android:required="false" />
16-->src\main\AndroidManifest.xml:9:9-33
17
18    <uses-permission android:name="android.permission.USE_BIOMETRIC" /> <!-- suppress DeprecatedClassUsageInspection -->
18-->[androidx.biometric:biometric:1.1.0] AndroidManifest.xml:24:5-72
18-->[androidx.biometric:biometric:1.1.0] AndroidManifest.xml:24:22-69
19    <uses-permission android:name="android.permission.USE_FINGERPRINT" />
19-->[androidx.biometric:biometric:1.1.0] AndroidManifest.xml:27:5-74
19-->[androidx.biometric:biometric:1.1.0] AndroidManifest.xml:27:22-71
20
21    <permission
21-->[androidx.core:core:1.12.0] AndroidManifest.xml:22:5-24:47
22        android:name="com.musediagnostics.taal.DYNAMIC_RECEIVER_NOT_EXPORTED_PERMISSION"
22-->[androidx.core:core:1.12.0] AndroidManifest.xml:23:9-81
23        android:protectionLevel="signature" />
23-->[androidx.core:core:1.12.0] AndroidManifest.xml:24:9-44
24
25    <uses-permission android:name="com.musediagnostics.taal.DYNAMIC_RECEIVER_NOT_EXPORTED_PERMISSION" />
25-->[androidx.core:core:1.12.0] AndroidManifest.xml:26:5-97
25-->[androidx.core:core:1.12.0] AndroidManifest.xml:26:22-94
26
27    <application
27-->src\main\AndroidManifest.xml:11:5-30:19
28        android:name="com.musediagnostics.taal.app.TaalApplication"
28-->src\main\AndroidManifest.xml:12:9-40
29        android:allowBackup="true"
29-->src\main\AndroidManifest.xml:13:9-35
30        android:appComponentFactory="androidx.core.app.CoreComponentFactory"
30-->[androidx.core:core:1.12.0] AndroidManifest.xml:28:18-86
31        android:debuggable="true"
32        android:extractNativeLibs="false"
33        android:icon="@mipmap/ic_launcher"
33-->src\main\AndroidManifest.xml:14:9-43
34        android:label="@string/app_name"
34-->src\main\AndroidManifest.xml:15:9-41
35        android:roundIcon="@mipmap/ic_launcher_round"
35-->src\main\AndroidManifest.xml:16:9-54
36        android:supportsRtl="true"
36-->src\main\AndroidManifest.xml:17:9-35
37        android:testOnly="true"
38        android:theme="@style/Theme.Taal" >
38-->src\main\AndroidManifest.xml:18:9-42
39        <activity
39-->src\main\AndroidManifest.xml:20:9-28:20
40            android:name="com.musediagnostics.taal.app.ui.MainActivity"
40-->src\main\AndroidManifest.xml:21:13-44
41            android:exported="true"
41-->src\main\AndroidManifest.xml:22:13-36
42            android:windowSoftInputMode="adjustResize" >
42-->src\main\AndroidManifest.xml:23:13-55
43            <intent-filter>
43-->src\main\AndroidManifest.xml:24:13-27:29
44                <action android:name="android.intent.action.MAIN" />
44-->src\main\AndroidManifest.xml:25:17-69
44-->src\main\AndroidManifest.xml:25:25-66
45
46                <category android:name="android.intent.category.LAUNCHER" />
46-->src\main\AndroidManifest.xml:26:17-77
46-->src\main\AndroidManifest.xml:26:27-74
47            </intent-filter>
48        </activity>
49        <activity
49-->[:taal-sdk] AndroidManifest.xml:15:9-17:40
50            android:name="com.musediagnostics.taal.ui.RecorderActivity"
50-->[:taal-sdk] AndroidManifest.xml:16:13-72
51            android:exported="false" />
51-->[:taal-sdk] AndroidManifest.xml:17:13-37
52        <activity
52-->[:taal-sdk] AndroidManifest.xml:18:9-20:40
53            android:name="com.musediagnostics.taal.ui.PlayerActivity"
53-->[:taal-sdk] AndroidManifest.xml:19:13-70
54            android:exported="false" />
54-->[:taal-sdk] AndroidManifest.xml:20:13-37
55
56        <provider
56-->[androidx.emoji2:emoji2:1.2.0] AndroidManifest.xml:24:9-32:20
57            android:name="androidx.startup.InitializationProvider"
57-->[androidx.emoji2:emoji2:1.2.0] AndroidManifest.xml:25:13-67
58            android:authorities="com.musediagnostics.taal.androidx-startup"
58-->[androidx.emoji2:emoji2:1.2.0] AndroidManifest.xml:26:13-68
59            android:exported="false" >
59-->[androidx.emoji2:emoji2:1.2.0] AndroidManifest.xml:27:13-37
60            <meta-data
60-->[androidx.emoji2:emoji2:1.2.0] AndroidManifest.xml:29:13-31:52
61                android:name="androidx.emoji2.text.EmojiCompatInitializer"
61-->[androidx.emoji2:emoji2:1.2.0] AndroidManifest.xml:30:17-75
62                android:value="androidx.startup" />
62-->[androidx.emoji2:emoji2:1.2.0] AndroidManifest.xml:31:17-49
63            <meta-data
63-->[androidx.lifecycle:lifecycle-process:2.7.0] AndroidManifest.xml:29:13-31:52
64                android:name="androidx.lifecycle.ProcessLifecycleInitializer"
64-->[androidx.lifecycle:lifecycle-process:2.7.0] AndroidManifest.xml:30:17-78
65                android:value="androidx.startup" />
65-->[androidx.lifecycle:lifecycle-process:2.7.0] AndroidManifest.xml:31:17-49
66            <meta-data
66-->[androidx.profileinstaller:profileinstaller:1.3.0] AndroidManifest.xml:29:13-31:52
67                android:name="androidx.profileinstaller.ProfileInstallerInitializer"
67-->[androidx.profileinstaller:profileinstaller:1.3.0] AndroidManifest.xml:30:17-85
68                android:value="androidx.startup" />
68-->[androidx.profileinstaller:profileinstaller:1.3.0] AndroidManifest.xml:31:17-49
69        </provider>
70
71        <uses-library
71-->[androidx.window:window:1.0.0] AndroidManifest.xml:25:9-27:40
72            android:name="androidx.window.extensions"
72-->[androidx.window:window:1.0.0] AndroidManifest.xml:26:13-54
73            android:required="false" />
73-->[androidx.window:window:1.0.0] AndroidManifest.xml:27:13-37
74        <uses-library
74-->[androidx.window:window:1.0.0] AndroidManifest.xml:28:9-30:40
75            android:name="androidx.window.sidecar"
75-->[androidx.window:window:1.0.0] AndroidManifest.xml:29:13-51
76            android:required="false" />
76-->[androidx.window:window:1.0.0] AndroidManifest.xml:30:13-37
77
78        <service
78-->[androidx.room:room-runtime:2.6.1] AndroidManifest.xml:24:9-28:63
79            android:name="androidx.room.MultiInstanceInvalidationService"
79-->[androidx.room:room-runtime:2.6.1] AndroidManifest.xml:25:13-74
80            android:directBootAware="true"
80-->[androidx.room:room-runtime:2.6.1] AndroidManifest.xml:26:13-43
81            android:exported="false" />
81-->[androidx.room:room-runtime:2.6.1] AndroidManifest.xml:27:13-37
82
83        <receiver
83-->[androidx.profileinstaller:profileinstaller:1.3.0] AndroidManifest.xml:34:9-52:20
84            android:name="androidx.profileinstaller.ProfileInstallReceiver"
84-->[androidx.profileinstaller:profileinstaller:1.3.0] AndroidManifest.xml:35:13-76
85            android:directBootAware="false"
85-->[androidx.profileinstaller:profileinstaller:1.3.0] AndroidManifest.xml:36:13-44
86            android:enabled="true"
86-->[androidx.profileinstaller:profileinstaller:1.3.0] AndroidManifest.xml:37:13-35
87            android:exported="true"
87-->[androidx.profileinstaller:profileinstaller:1.3.0] AndroidManifest.xml:38:13-36
88            android:permission="android.permission.DUMP" >
88-->[androidx.profileinstaller:profileinstaller:1.3.0] AndroidManifest.xml:39:13-57
89            <intent-filter>
89-->[androidx.profileinstaller:profileinstaller:1.3.0] AndroidManifest.xml:40:13-42:29
90                <action android:name="androidx.profileinstaller.action.INSTALL_PROFILE" />
90-->[androidx.profileinstaller:profileinstaller:1.3.0] AndroidManifest.xml:41:17-91
90-->[androidx.profileinstaller:profileinstaller:1.3.0] AndroidManifest.xml:41:25-88
91            </intent-filter>
92            <intent-filter>
92-->[androidx.profileinstaller:profileinstaller:1.3.0] AndroidManifest.xml:43:13-45:29
93                <action android:name="androidx.profileinstaller.action.SKIP_FILE" />
93-->[androidx.profileinstaller:profileinstaller:1.3.0] AndroidManifest.xml:44:17-85
93-->[androidx.profileinstaller:profileinstaller:1.3.0] AndroidManifest.xml:44:25-82
94            </intent-filter>
95            <intent-filter>
95-->[androidx.profileinstaller:profileinstaller:1.3.0] AndroidManifest.xml:46:13-48:29
96                <action android:name="androidx.profileinstaller.action.SAVE_PROFILE" />
96-->[androidx.profileinstaller:profileinstaller:1.3.0] AndroidManifest.xml:47:17-88
96-->[androidx.profileinstaller:profileinstaller:1.3.0] AndroidManifest.xml:47:25-85
97            </intent-filter>
98            <intent-filter>
98-->[androidx.profileinstaller:profileinstaller:1.3.0] AndroidManifest.xml:49:13-51:29
99                <action android:name="androidx.profileinstaller.action.BENCHMARK_OPERATION" />
99-->[androidx.profileinstaller:profileinstaller:1.3.0] AndroidManifest.xml:50:17-95
99-->[androidx.profileinstaller:profileinstaller:1.3.0] AndroidManifest.xml:50:25-92
100            </intent-filter>
101        </receiver>
102    </application>
103
104</manifest>